<?xml version="1.0" encoding="UTF-8"?>
<!-- Generated by org.testng.reporters.JUnitReportReporter -->
<testsuite hostname="ASN69" failures="0" tests="1" name="pages.HomePageTest" time="5.000" errors="0" timestamp="2022-09-19T20:23:47 EDT" skipped="0">
  <testcase classname="pages.HomePageTest" name="clickUserIdFieldTest" time="5.000"/>
  <system-out/>
</testsuite> <!-- pages.HomePageTest -->
